<?xml version="1.0" encoding="UTF-8"?>
<!-- Generated by org.testng.reporters.JUnitReportReporter -->
<testsuite hostname="DESKTOP-6CV4G98" failures="0" tests="2" name="tests.LoginTest" time="4.521" errors="0" timestamp="2022-08-05T07:50:28 IST" skipped="0">
  <testcase classname="tests.LoginTest" name="verifybuttontext" time="0.075"/>
  <system-out/>
  <testcase classname="tests.LoginTest" name="login" time="4.446"/>
  <system-out/>
</testsuite> <!-- tests.LoginTest -->
