<?xml version="1.0" encoding="UTF-8"?>
<!-- Generated by org.testng.reporters.JUnitReportReporter -->
<testsuite hostname="DESKTOP-6CV4G98" failures="0" tests="2" name="tests.HomePageTest" time="2.723" errors="0" timestamp="2022-08-05T07:50:28 IST" skipped="0">
  <testcase classname="tests.HomePageTest" name="goToTab" time="1.578"/>
  <system-out/>
  <testcase classname="tests.HomePageTest" name="logout" time="1.145"/>
  <system-out/>
</testsuite> <!-- tests.HomePageTest -->
